<?xml version="1.0" encoding="UTF-8"?>
<testsuite xmlns:xsi="http://www.w3.org/2001/XMLSchema-instance" xsi:noNamespaceSchemaLocation="https://maven.apache.org/surefire/maven-surefire-plugin/xsd/surefire-test-report-3.0.xsd" version="3.0" name="com.example.springformexample.SpringformexampleApplicationTests" time="3.421" tests="1" errors="0" skipped="0" failures="0">
  <properties>
[...]
</properties>
  <testcase name="contextLoads" classname="com.example.springformexample.SpringformexampleApplicationTests" time="1.18">
    <system-out><![CDATA[14:24:52.405 [main] INFO org.springframework.test.context.support.AnnotationConfigContextLoaderUtils -- Could not detect default configuration classes for test class [com.example.springformexample.SpringformexampleApplicationTests]: SpringformexampleApplicationTests does not declare any static, non-private, non-final, nested classes annotated with @Configuration.
14:24:52.531 [main] INFO org.springframework.boot.test.context.SpringBootTestContextBootstrapper -- Found @SpringBootConfiguration com.example.springformexample.SpringformexampleApplication for test class com.example.springformexample.SpringformexampleApplicationTests

  .   ____          _            __ _ _
 /\\ / ___'_ __ _ _(_)_ __  __ _ \ \ \ \
( ( )\___ | '_ | '_| | '_ \/ _` | \ \ \ \
 \\/  ___)| |_)| | | | | || (_| |  ) ) ) )
  '  |____| .__|_| |_|_| |_\__, | / / / /
 =========|_|==============|___/=/_/_/_/
 :: Spring Boot ::       (v3.2.0-SNAPSHOT)

2023-09-20T14:24:53.019+05:30  INFO 10932 --- [           main] c.e.s.SpringformexampleApplicationTests  : Starting SpringformexampleApplicationTests using Java 19.0.2 with PID 10932 (started by likhita.p in C:\Users\likhita.p\Downloads\springformexample\springformexample)
2023-09-20T14:24:53.021+05:30  INFO 10932 --- [           main] c.e.s.SpringformexampleApplicationTests  : No active profile set, falling back to 1 default profile: "default"
2023-09-20T14:24:54.412+05:30  INFO 10932 --- [           main] c.e.s.SpringformexampleApplicationTests  : Started SpringformexampleApplicationTests in 1.706 seconds (process running for 2.965)
]]></system-out>
  </testcase>
</testsuite>